INFO [2021-03-15 16:39:12] $x
INFO [2021-03-15 16:39:12] list(set1, set2, set3)
INFO [2021-03-15 16:39:12] 
INFO [2021-03-15 16:39:12] $category.names
INFO [2021-03-15 16:39:12] c("s1", "s2", "s3")
INFO [2021-03-15 16:39:12] 
INFO [2021-03-15 16:39:12] $filename
INFO [2021-03-15 16:39:12] [1] "datadaft_venn.png"
INFO [2021-03-15 16:39:12] 
INFO [2021-03-15 16:39:12] $output
INFO [2021-03-15 16:39:12] [1] TRUE
INFO [2021-03-15 16:39:12] 
INFO [2021-03-15 16:39:12] $imagetype
INFO [2021-03-15 16:39:12] [1] "png"
INFO [2021-03-15 16:39:12] 
INFO [2021-03-15 16:39:12] $scaled
INFO [2021-03-15 16:39:12] [1] FALSE
INFO [2021-03-15 16:39:12] 
INFO [2021-03-15 16:39:12] $col
INFO [2021-03-15 16:39:12] [1] "black"
INFO [2021-03-15 16:39:12] 
INFO [2021-03-15 16:39:12] $fill
INFO [2021-03-15 16:39:12] colors
INFO [2021-03-15 16:39:12] 
INFO [2021-03-15 16:39:12] $cat.col
INFO [2021-03-15 16:39:12] colors
INFO [2021-03-15 16:39:12] 
INFO [2021-03-15 16:39:12] $cat.cex
INFO [2021-03-15 16:39:12] [1] 2
INFO [2021-03-15 16:39:12] 
INFO [2021-03-15 16:39:12] $margin
INFO [2021-03-15 16:39:12] [1] 1
INFO [2021-03-15 16:39:12] 
