INFO [2021-03-15 12:23:05] $x
INFO [2021-03-15 12:23:05] list(set1, set2, set3)
INFO [2021-03-15 12:23:05] 
INFO [2021-03-15 12:23:05] $category.names
INFO [2021-03-15 12:23:05] c("s1", "s2", "s3")
INFO [2021-03-15 12:23:05] 
INFO [2021-03-15 12:23:05] $filename
INFO [2021-03-15 12:23:05] [1] "datadaft_venn.png"
INFO [2021-03-15 12:23:05] 
INFO [2021-03-15 12:23:05] $output
INFO [2021-03-15 12:23:05] [1] TRUE
INFO [2021-03-15 12:23:05] 
INFO [2021-03-15 12:23:05] $imagetype
INFO [2021-03-15 12:23:05] [1] "png"
INFO [2021-03-15 12:23:05] 
INFO [2021-03-15 12:23:05] $scaled
INFO [2021-03-15 12:23:05] [1] FALSE
INFO [2021-03-15 12:23:05] 
INFO [2021-03-15 12:23:05] $col
INFO [2021-03-15 12:23:05] [1] "black"
INFO [2021-03-15 12:23:05] 
INFO [2021-03-15 12:23:05] $fill
INFO [2021-03-15 12:23:05] colors
INFO [2021-03-15 12:23:05] 
INFO [2021-03-15 12:23:05] $cat.col
INFO [2021-03-15 12:23:05] colors
INFO [2021-03-15 12:23:05] 
INFO [2021-03-15 12:23:05] $cat.cex
INFO [2021-03-15 12:23:05] [1] 2
INFO [2021-03-15 12:23:05] 
INFO [2021-03-15 12:23:05] $margin
INFO [2021-03-15 12:23:05] [1] 0.15
INFO [2021-03-15 12:23:05] 
