INFO [2021-03-15 17:01:43] $x
INFO [2021-03-15 17:01:43] list(set1, set2, set3)
INFO [2021-03-15 17:01:43] 
INFO [2021-03-15 17:01:43] $category.names
INFO [2021-03-15 17:01:43] c("s1", "s2", "s3")
INFO [2021-03-15 17:01:43] 
INFO [2021-03-15 17:01:43] $filename
INFO [2021-03-15 17:01:43] [1] "datadaft_venn.png"
INFO [2021-03-15 17:01:43] 
INFO [2021-03-15 17:01:43] $output
INFO [2021-03-15 17:01:43] [1] TRUE
INFO [2021-03-15 17:01:43] 
INFO [2021-03-15 17:01:43] $imagetype
INFO [2021-03-15 17:01:43] [1] "png"
INFO [2021-03-15 17:01:43] 
INFO [2021-03-15 17:01:43] $scaled
INFO [2021-03-15 17:01:43] [1] FALSE
INFO [2021-03-15 17:01:43] 
INFO [2021-03-15 17:01:43] $col
INFO [2021-03-15 17:01:43] [1] "black"
INFO [2021-03-15 17:01:43] 
INFO [2021-03-15 17:01:43] $fill
INFO [2021-03-15 17:01:43] colors
INFO [2021-03-15 17:01:43] 
INFO [2021-03-15 17:01:43] $cat.col
INFO [2021-03-15 17:01:43] colors
INFO [2021-03-15 17:01:43] 
INFO [2021-03-15 17:01:43] $cat.cex
INFO [2021-03-15 17:01:43] [1] 2
INFO [2021-03-15 17:01:43] 
INFO [2021-03-15 17:01:43] $margin
INFO [2021-03-15 17:01:43] [1] 0.1
INFO [2021-03-15 17:01:43] 
INFO [2021-03-15 17:01:43] $lty
INFO [2021-03-15 17:01:43] [1] "blank"
INFO [2021-03-15 17:01:43] 
