INFO [2021-03-15 17:06:16] $x
INFO [2021-03-15 17:06:16] list(X, Y, Z)
INFO [2021-03-15 17:06:16] 
INFO [2021-03-15 17:06:16] $category.names
INFO [2021-03-15 17:06:16] c("SP", "C-GPA", "HS-GPA")
INFO [2021-03-15 17:06:16] 
INFO [2021-03-15 17:06:16] $filename
INFO [2021-03-15 17:06:16] [1] "datadaft_venn.png"
INFO [2021-03-15 17:06:16] 
INFO [2021-03-15 17:06:16] $output
INFO [2021-03-15 17:06:16] [1] TRUE
INFO [2021-03-15 17:06:16] 
INFO [2021-03-15 17:06:16] $imagetype
INFO [2021-03-15 17:06:16] [1] "png"
INFO [2021-03-15 17:06:16] 
INFO [2021-03-15 17:06:16] $scaled
INFO [2021-03-15 17:06:16] [1] FALSE
INFO [2021-03-15 17:06:16] 
INFO [2021-03-15 17:06:16] $col
INFO [2021-03-15 17:06:16] [1] "black"
INFO [2021-03-15 17:06:16] 
INFO [2021-03-15 17:06:16] $fill
INFO [2021-03-15 17:06:16] colors
INFO [2021-03-15 17:06:16] 
INFO [2021-03-15 17:06:16] $cat.col
INFO [2021-03-15 17:06:16] colors
INFO [2021-03-15 17:06:16] 
INFO [2021-03-15 17:06:16] $cat.cex
INFO [2021-03-15 17:06:16] [1] 2
INFO [2021-03-15 17:06:16] 
INFO [2021-03-15 17:06:16] $margin
INFO [2021-03-15 17:06:16] [1] 0.1
INFO [2021-03-15 17:06:16] 
INFO [2021-03-15 17:06:16] $lty
INFO [2021-03-15 17:06:16] [1] "blank"
INFO [2021-03-15 17:06:16] 
