INFO [2021-03-15 12:21:39] $x
INFO [2021-03-15 12:21:39] list(set1, set2, set3)
INFO [2021-03-15 12:21:39] 
INFO [2021-03-15 12:21:39] $category.names
INFO [2021-03-15 12:21:39] c("s1", "s2", "s3")
INFO [2021-03-15 12:21:39] 
INFO [2021-03-15 12:21:39] $filename
INFO [2021-03-15 12:21:39] [1] "datadaft_venn.png"
INFO [2021-03-15 12:21:39] 
INFO [2021-03-15 12:21:39] $output
INFO [2021-03-15 12:21:39] [1] TRUE
INFO [2021-03-15 12:21:39] 
INFO [2021-03-15 12:21:39] $imagetype
INFO [2021-03-15 12:21:39] [1] "png"
INFO [2021-03-15 12:21:39] 
INFO [2021-03-15 12:21:39] $scaled
INFO [2021-03-15 12:21:39] [1] FALSE
INFO [2021-03-15 12:21:39] 
INFO [2021-03-15 12:21:39] $col
INFO [2021-03-15 12:21:39] [1] "black"
INFO [2021-03-15 12:21:39] 
INFO [2021-03-15 12:21:39] $fill
INFO [2021-03-15 12:21:39] colors
INFO [2021-03-15 12:21:39] 
INFO [2021-03-15 12:21:39] $cat.col
INFO [2021-03-15 12:21:39] colors
INFO [2021-03-15 12:21:39] 
INFO [2021-03-15 12:21:39] $cat.cex
INFO [2021-03-15 12:21:39] [1] 2
INFO [2021-03-15 12:21:39] 
INFO [2021-03-15 12:21:39] $margin
INFO [2021-03-15 12:21:39] [1] 0.15
INFO [2021-03-15 12:21:39] 
