INFO [2021-03-15 16:59:24] $x
INFO [2021-03-15 16:59:24] list(set1, set2, set3)
INFO [2021-03-15 16:59:24] 
INFO [2021-03-15 16:59:24] $category.names
INFO [2021-03-15 16:59:24] c("s1", "s2", "s3")
INFO [2021-03-15 16:59:24] 
INFO [2021-03-15 16:59:24] $filename
INFO [2021-03-15 16:59:24] [1] "datadaft_venn.png"
INFO [2021-03-15 16:59:24] 
INFO [2021-03-15 16:59:24] $output
INFO [2021-03-15 16:59:24] [1] TRUE
INFO [2021-03-15 16:59:24] 
INFO [2021-03-15 16:59:24] $imagetype
INFO [2021-03-15 16:59:24] [1] "png"
INFO [2021-03-15 16:59:24] 
INFO [2021-03-15 16:59:24] $scaled
INFO [2021-03-15 16:59:24] [1] FALSE
INFO [2021-03-15 16:59:24] 
INFO [2021-03-15 16:59:24] $col
INFO [2021-03-15 16:59:24] [1] "black"
INFO [2021-03-15 16:59:24] 
INFO [2021-03-15 16:59:24] $fill
INFO [2021-03-15 16:59:24] colors
INFO [2021-03-15 16:59:24] 
INFO [2021-03-15 16:59:24] $cat.col
INFO [2021-03-15 16:59:24] colors
INFO [2021-03-15 16:59:24] 
INFO [2021-03-15 16:59:24] $cat.cex
INFO [2021-03-15 16:59:24] [1] 2
INFO [2021-03-15 16:59:24] 
INFO [2021-03-15 16:59:24] $margin
INFO [2021-03-15 16:59:24] [1] 0.1
INFO [2021-03-15 16:59:24] 
INFO [2021-03-15 16:59:24] $lty
INFO [2021-03-15 16:59:24] [1] "blank"
INFO [2021-03-15 16:59:24] 
