INFO [2021-03-15 11:54:06] $x
INFO [2021-03-15 11:54:06] list(set1, set2, set3)
INFO [2021-03-15 11:54:06] 
INFO [2021-03-15 11:54:06] $category.names
INFO [2021-03-15 11:54:06] c("s1", "s2", "s3")
INFO [2021-03-15 11:54:06] 
INFO [2021-03-15 11:54:06] $filename
INFO [2021-03-15 11:54:06] [1] "datadaft_venn.png"
INFO [2021-03-15 11:54:06] 
INFO [2021-03-15 11:54:06] $output
INFO [2021-03-15 11:54:06] [1] TRUE
INFO [2021-03-15 11:54:06] 
INFO [2021-03-15 11:54:06] $imagetype
INFO [2021-03-15 11:54:06] [1] "png"
INFO [2021-03-15 11:54:06] 
INFO [2021-03-15 11:54:06] $scaled
INFO [2021-03-15 11:54:06] [1] FALSE
INFO [2021-03-15 11:54:06] 
INFO [2021-03-15 11:54:06] $col
INFO [2021-03-15 11:54:06] [1] "black"
INFO [2021-03-15 11:54:06] 
INFO [2021-03-15 11:54:06] $fill
INFO [2021-03-15 11:54:06] colors
INFO [2021-03-15 11:54:06] 
INFO [2021-03-15 11:54:06] $cat.col
INFO [2021-03-15 11:54:06] colors
INFO [2021-03-15 11:54:06] 
INFO [2021-03-15 11:54:06] $cat.cex
INFO [2021-03-15 11:54:06] [1] 2
INFO [2021-03-15 11:54:06] 
INFO [2021-03-15 11:54:06] $margin
INFO [2021-03-15 11:54:06] [1] 0.15
INFO [2021-03-15 11:54:06] 
