INFO [2021-03-15 17:02:54] $x
INFO [2021-03-15 17:02:54] list(set1, set2, set3)
INFO [2021-03-15 17:02:54] 
INFO [2021-03-15 17:02:54] $category.names
INFO [2021-03-15 17:02:54] c("SP", "C-GPA", "HS-GPA")
INFO [2021-03-15 17:02:54] 
INFO [2021-03-15 17:02:54] $filename
INFO [2021-03-15 17:02:54] [1] "datadaft_venn.png"
INFO [2021-03-15 17:02:54] 
INFO [2021-03-15 17:02:54] $output
INFO [2021-03-15 17:02:54] [1] TRUE
INFO [2021-03-15 17:02:54] 
INFO [2021-03-15 17:02:54] $imagetype
INFO [2021-03-15 17:02:54] [1] "png"
INFO [2021-03-15 17:02:54] 
INFO [2021-03-15 17:02:54] $scaled
INFO [2021-03-15 17:02:54] [1] FALSE
INFO [2021-03-15 17:02:54] 
INFO [2021-03-15 17:02:54] $col
INFO [2021-03-15 17:02:54] [1] "black"
INFO [2021-03-15 17:02:54] 
INFO [2021-03-15 17:02:54] $fill
INFO [2021-03-15 17:02:54] colors
INFO [2021-03-15 17:02:54] 
INFO [2021-03-15 17:02:54] $cat.col
INFO [2021-03-15 17:02:54] colors
INFO [2021-03-15 17:02:54] 
INFO [2021-03-15 17:02:54] $cat.cex
INFO [2021-03-15 17:02:54] [1] 2
INFO [2021-03-15 17:02:54] 
INFO [2021-03-15 17:02:54] $margin
INFO [2021-03-15 17:02:54] [1] 0.1
INFO [2021-03-15 17:02:54] 
INFO [2021-03-15 17:02:54] $lty
INFO [2021-03-15 17:02:54] [1] "blank"
INFO [2021-03-15 17:02:54] 
