INFO [2021-03-15 12:08:48] $x
INFO [2021-03-15 12:08:48] list(set1, set2, set3)
INFO [2021-03-15 12:08:48] 
INFO [2021-03-15 12:08:48] $category.names
INFO [2021-03-15 12:08:48] c("s1", "s2", "s3")
INFO [2021-03-15 12:08:48] 
INFO [2021-03-15 12:08:48] $filename
INFO [2021-03-15 12:08:48] [1] "datadaft_venn.png"
INFO [2021-03-15 12:08:48] 
INFO [2021-03-15 12:08:48] $output
INFO [2021-03-15 12:08:48] [1] TRUE
INFO [2021-03-15 12:08:48] 
INFO [2021-03-15 12:08:48] $imagetype
INFO [2021-03-15 12:08:48] [1] "png"
INFO [2021-03-15 12:08:48] 
INFO [2021-03-15 12:08:48] $scaled
INFO [2021-03-15 12:08:48] [1] FALSE
INFO [2021-03-15 12:08:48] 
INFO [2021-03-15 12:08:48] $col
INFO [2021-03-15 12:08:48] [1] "black"
INFO [2021-03-15 12:08:48] 
INFO [2021-03-15 12:08:48] $fill
INFO [2021-03-15 12:08:48] colors
INFO [2021-03-15 12:08:48] 
INFO [2021-03-15 12:08:48] $cat.col
INFO [2021-03-15 12:08:48] colors
INFO [2021-03-15 12:08:48] 
INFO [2021-03-15 12:08:48] $cat.cex
INFO [2021-03-15 12:08:48] [1] 2
INFO [2021-03-15 12:08:48] 
INFO [2021-03-15 12:08:48] $margin
INFO [2021-03-15 12:08:48] [1] 0.15
INFO [2021-03-15 12:08:48] 
