INFO [2021-03-15 11:14:31] $x
INFO [2021-03-15 11:14:31] list(set1, set2, set3, set4, set5)
INFO [2021-03-15 11:14:31] 
INFO [2021-03-15 11:14:31] $category.names
INFO [2021-03-15 11:14:31] c("s1", "s2", "s3", "s4", "s5")
INFO [2021-03-15 11:14:31] 
INFO [2021-03-15 11:14:31] $filename
INFO [2021-03-15 11:14:31] [1] "datadaft_venn.png"
INFO [2021-03-15 11:14:31] 
INFO [2021-03-15 11:14:31] $output
INFO [2021-03-15 11:14:31] [1] TRUE
INFO [2021-03-15 11:14:31] 
INFO [2021-03-15 11:14:31] $imagetype
INFO [2021-03-15 11:14:31] [1] "png"
INFO [2021-03-15 11:14:31] 
INFO [2021-03-15 11:14:31] $scaled
INFO [2021-03-15 11:14:31] [1] FALSE
INFO [2021-03-15 11:14:31] 
INFO [2021-03-15 11:14:31] $col
INFO [2021-03-15 11:14:31] [1] "black"
INFO [2021-03-15 11:14:31] 
INFO [2021-03-15 11:14:31] $fill
INFO [2021-03-15 11:14:31] colors
INFO [2021-03-15 11:14:31] 
INFO [2021-03-15 11:14:31] $cat.col
INFO [2021-03-15 11:14:31] colors
INFO [2021-03-15 11:14:31] 
INFO [2021-03-15 11:14:31] $cat.cex
INFO [2021-03-15 11:14:31] [1] 2
INFO [2021-03-15 11:14:31] 
INFO [2021-03-15 11:14:31] $margin
INFO [2021-03-15 11:14:31] [1] 0.15
INFO [2021-03-15 11:14:31] 
