INFO [2021-03-15 17:04:53] $x
INFO [2021-03-15 17:04:53] list(X, Y, Z)
INFO [2021-03-15 17:04:53] 
INFO [2021-03-15 17:04:53] $category.names
INFO [2021-03-15 17:04:53] c("SP", "C-GPA", "HS-GPA")
INFO [2021-03-15 17:04:53] 
INFO [2021-03-15 17:04:53] $filename
INFO [2021-03-15 17:04:53] [1] "datadaft_venn.png"
INFO [2021-03-15 17:04:53] 
INFO [2021-03-15 17:04:53] $output
INFO [2021-03-15 17:04:53] [1] TRUE
INFO [2021-03-15 17:04:53] 
INFO [2021-03-15 17:04:53] $imagetype
INFO [2021-03-15 17:04:53] [1] "png"
INFO [2021-03-15 17:04:53] 
INFO [2021-03-15 17:04:53] $scaled
INFO [2021-03-15 17:04:53] [1] FALSE
INFO [2021-03-15 17:04:53] 
INFO [2021-03-15 17:04:53] $col
INFO [2021-03-15 17:04:53] [1] "black"
INFO [2021-03-15 17:04:53] 
INFO [2021-03-15 17:04:53] $fill
INFO [2021-03-15 17:04:53] colors
INFO [2021-03-15 17:04:53] 
INFO [2021-03-15 17:04:53] $cat.col
INFO [2021-03-15 17:04:53] [1] "black"
INFO [2021-03-15 17:04:53] 
INFO [2021-03-15 17:04:53] $cat.cex
INFO [2021-03-15 17:04:53] [1] 2
INFO [2021-03-15 17:04:53] 
INFO [2021-03-15 17:04:53] $margin
INFO [2021-03-15 17:04:53] [1] 0.1
INFO [2021-03-15 17:04:53] 
INFO [2021-03-15 17:04:53] $lty
INFO [2021-03-15 17:04:53] [1] "blank"
INFO [2021-03-15 17:04:53] 
