INFO [2021-03-15 16:38:38] $x
INFO [2021-03-15 16:38:38] list(set1, set2, set3)
INFO [2021-03-15 16:38:38] 
INFO [2021-03-15 16:38:38] $category.names
INFO [2021-03-15 16:38:38] c("s1", "s2", "s3")
INFO [2021-03-15 16:38:38] 
INFO [2021-03-15 16:38:38] $filename
INFO [2021-03-15 16:38:38] [1] "datadaft_venn.png"
INFO [2021-03-15 16:38:38] 
INFO [2021-03-15 16:38:38] $output
INFO [2021-03-15 16:38:38] [1] TRUE
INFO [2021-03-15 16:38:38] 
INFO [2021-03-15 16:38:38] $imagetype
INFO [2021-03-15 16:38:38] [1] "png"
INFO [2021-03-15 16:38:38] 
INFO [2021-03-15 16:38:38] $scaled
INFO [2021-03-15 16:38:38] [1] FALSE
INFO [2021-03-15 16:38:38] 
INFO [2021-03-15 16:38:38] $col
INFO [2021-03-15 16:38:38] [1] "black"
INFO [2021-03-15 16:38:38] 
INFO [2021-03-15 16:38:38] $fill
INFO [2021-03-15 16:38:38] colors
INFO [2021-03-15 16:38:38] 
INFO [2021-03-15 16:38:38] $cat.col
INFO [2021-03-15 16:38:38] colors
INFO [2021-03-15 16:38:38] 
INFO [2021-03-15 16:38:38] $cat.cex
INFO [2021-03-15 16:38:38] [1] 7
INFO [2021-03-15 16:38:38] 
INFO [2021-03-15 16:38:38] $margin
INFO [2021-03-15 16:38:38] [1] 0.15
INFO [2021-03-15 16:38:38] 
