INFO [2021-03-15 12:18:23] $x
INFO [2021-03-15 12:18:23] list(set1, set2, set3)
INFO [2021-03-15 12:18:23] 
INFO [2021-03-15 12:18:23] $category.names
INFO [2021-03-15 12:18:23] c("s1", "s2", "s3")
INFO [2021-03-15 12:18:23] 
INFO [2021-03-15 12:18:23] $filename
INFO [2021-03-15 12:18:23] [1] "datadaft_venn.png"
INFO [2021-03-15 12:18:23] 
INFO [2021-03-15 12:18:23] $output
INFO [2021-03-15 12:18:23] [1] TRUE
INFO [2021-03-15 12:18:23] 
INFO [2021-03-15 12:18:23] $imagetype
INFO [2021-03-15 12:18:23] [1] "png"
INFO [2021-03-15 12:18:23] 
INFO [2021-03-15 12:18:23] $scaled
INFO [2021-03-15 12:18:23] [1] FALSE
INFO [2021-03-15 12:18:23] 
INFO [2021-03-15 12:18:23] $col
INFO [2021-03-15 12:18:23] [1] "black"
INFO [2021-03-15 12:18:23] 
INFO [2021-03-15 12:18:23] $fill
INFO [2021-03-15 12:18:23] colors
INFO [2021-03-15 12:18:23] 
INFO [2021-03-15 12:18:23] $cat.col
INFO [2021-03-15 12:18:23] colors
INFO [2021-03-15 12:18:23] 
INFO [2021-03-15 12:18:23] $cat.cex
INFO [2021-03-15 12:18:23] [1] 2
INFO [2021-03-15 12:18:23] 
INFO [2021-03-15 12:18:23] $margin
INFO [2021-03-15 12:18:23] [1] 0.15
INFO [2021-03-15 12:18:23] 
