INFO [2021-03-15 17:19:20] $x
INFO [2021-03-15 17:19:20] list(X, Y, Z)
INFO [2021-03-15 17:19:20] 
INFO [2021-03-15 17:19:20] $category.names
INFO [2021-03-15 17:19:20] c("SP", "C-GPA", "HS-GPA")
INFO [2021-03-15 17:19:20] 
INFO [2021-03-15 17:19:20] $filename
INFO [2021-03-15 17:19:20] [1] "datadaft_venn.png"
INFO [2021-03-15 17:19:20] 
INFO [2021-03-15 17:19:20] $output
INFO [2021-03-15 17:19:20] [1] TRUE
INFO [2021-03-15 17:19:20] 
INFO [2021-03-15 17:19:20] $imagetype
INFO [2021-03-15 17:19:20] [1] "png"
INFO [2021-03-15 17:19:20] 
INFO [2021-03-15 17:19:20] $scaled
INFO [2021-03-15 17:19:20] [1] FALSE
INFO [2021-03-15 17:19:20] 
INFO [2021-03-15 17:19:20] $col
INFO [2021-03-15 17:19:20] [1] "black"
INFO [2021-03-15 17:19:20] 
INFO [2021-03-15 17:19:20] $fill
INFO [2021-03-15 17:19:20] colors
INFO [2021-03-15 17:19:20] 
INFO [2021-03-15 17:19:20] $cat.col
INFO [2021-03-15 17:19:20] colors
INFO [2021-03-15 17:19:20] 
INFO [2021-03-15 17:19:20] $cat.cex
INFO [2021-03-15 17:19:20] [1] 2
INFO [2021-03-15 17:19:20] 
INFO [2021-03-15 17:19:20] $margin
INFO [2021-03-15 17:19:20] [1] 0.1
INFO [2021-03-15 17:19:20] 
INFO [2021-03-15 17:19:20] $lty
INFO [2021-03-15 17:19:20] [1] "blank"
INFO [2021-03-15 17:19:20] 
