INFO [2021-03-15 16:40:13] $x
INFO [2021-03-15 16:40:13] list(set1, set2, set3)
INFO [2021-03-15 16:40:13] 
INFO [2021-03-15 16:40:13] $category.names
INFO [2021-03-15 16:40:13] c("s1", "s2", "s3")
INFO [2021-03-15 16:40:13] 
INFO [2021-03-15 16:40:13] $filename
INFO [2021-03-15 16:40:13] [1] "datadaft_venn.png"
INFO [2021-03-15 16:40:13] 
INFO [2021-03-15 16:40:13] $output
INFO [2021-03-15 16:40:13] [1] TRUE
INFO [2021-03-15 16:40:13] 
INFO [2021-03-15 16:40:13] $imagetype
INFO [2021-03-15 16:40:13] [1] "png"
INFO [2021-03-15 16:40:13] 
INFO [2021-03-15 16:40:13] $scaled
INFO [2021-03-15 16:40:13] [1] FALSE
INFO [2021-03-15 16:40:13] 
INFO [2021-03-15 16:40:13] $col
INFO [2021-03-15 16:40:13] [1] "black"
INFO [2021-03-15 16:40:13] 
INFO [2021-03-15 16:40:13] $fill
INFO [2021-03-15 16:40:13] colors
INFO [2021-03-15 16:40:13] 
INFO [2021-03-15 16:40:13] $cat.col
INFO [2021-03-15 16:40:13] colors
INFO [2021-03-15 16:40:13] 
INFO [2021-03-15 16:40:13] $cat.cex
INFO [2021-03-15 16:40:13] [1] 2
INFO [2021-03-15 16:40:13] 
INFO [2021-03-15 16:40:13] $margin
INFO [2021-03-15 16:40:13] [1] 0.2
INFO [2021-03-15 16:40:13] 
