INFO [2021-03-15 17:04:13] $x
INFO [2021-03-15 17:04:13] list(X, Y, Z)
INFO [2021-03-15 17:04:13] 
INFO [2021-03-15 17:04:13] $category.names
INFO [2021-03-15 17:04:13] c("SP", "C-GPA", "HS-GPA")
INFO [2021-03-15 17:04:13] 
INFO [2021-03-15 17:04:13] $filename
INFO [2021-03-15 17:04:13] [1] "datadaft_venn.png"
INFO [2021-03-15 17:04:13] 
INFO [2021-03-15 17:04:13] $output
INFO [2021-03-15 17:04:13] [1] TRUE
INFO [2021-03-15 17:04:13] 
INFO [2021-03-15 17:04:13] $imagetype
INFO [2021-03-15 17:04:13] [1] "png"
INFO [2021-03-15 17:04:13] 
INFO [2021-03-15 17:04:13] $scaled
INFO [2021-03-15 17:04:13] [1] FALSE
INFO [2021-03-15 17:04:13] 
INFO [2021-03-15 17:04:13] $col
INFO [2021-03-15 17:04:13] [1] "black"
INFO [2021-03-15 17:04:13] 
INFO [2021-03-15 17:04:13] $fill
INFO [2021-03-15 17:04:13] colors
INFO [2021-03-15 17:04:13] 
INFO [2021-03-15 17:04:13] $cat.col
INFO [2021-03-15 17:04:13] colors
INFO [2021-03-15 17:04:13] 
INFO [2021-03-15 17:04:13] $cat.cex
INFO [2021-03-15 17:04:13] [1] 2
INFO [2021-03-15 17:04:13] 
INFO [2021-03-15 17:04:13] $margin
INFO [2021-03-15 17:04:13] [1] 0.1
INFO [2021-03-15 17:04:13] 
INFO [2021-03-15 17:04:13] $lty
INFO [2021-03-15 17:04:13] [1] "blank"
INFO [2021-03-15 17:04:13] 
