INFO [2021-03-15 17:05:26] $x
INFO [2021-03-15 17:05:26] list(X, Y, Z)
INFO [2021-03-15 17:05:26] 
INFO [2021-03-15 17:05:26] $category.names
INFO [2021-03-15 17:05:26] c("SP", "C-GPA", "HS-GPA")
INFO [2021-03-15 17:05:26] 
INFO [2021-03-15 17:05:26] $filename
INFO [2021-03-15 17:05:26] [1] "datadaft_venn.png"
INFO [2021-03-15 17:05:26] 
INFO [2021-03-15 17:05:26] $output
INFO [2021-03-15 17:05:26] [1] TRUE
INFO [2021-03-15 17:05:26] 
INFO [2021-03-15 17:05:26] $imagetype
INFO [2021-03-15 17:05:26] [1] "png"
INFO [2021-03-15 17:05:26] 
INFO [2021-03-15 17:05:26] $scaled
INFO [2021-03-15 17:05:26] [1] FALSE
INFO [2021-03-15 17:05:26] 
INFO [2021-03-15 17:05:26] $col
INFO [2021-03-15 17:05:26] [1] "black"
INFO [2021-03-15 17:05:26] 
INFO [2021-03-15 17:05:26] $fill
INFO [2021-03-15 17:05:26] colors
INFO [2021-03-15 17:05:26] 
INFO [2021-03-15 17:05:26] $cat.col
INFO [2021-03-15 17:05:26] [1] "black"
INFO [2021-03-15 17:05:26] 
INFO [2021-03-15 17:05:26] $cat.cex
INFO [2021-03-15 17:05:26] [1] 2
INFO [2021-03-15 17:05:26] 
INFO [2021-03-15 17:05:26] $margin
INFO [2021-03-15 17:05:26] [1] 0.1
INFO [2021-03-15 17:05:26] 
INFO [2021-03-15 17:05:26] $lty
INFO [2021-03-15 17:05:26] [1] "blank"
INFO [2021-03-15 17:05:26] 
