INFO [2021-03-15 16:44:35] $x
INFO [2021-03-15 16:44:35] list(set1, set2, set3)
INFO [2021-03-15 16:44:35] 
INFO [2021-03-15 16:44:35] $category.names
INFO [2021-03-15 16:44:35] c("s1", "s2", "s3")
INFO [2021-03-15 16:44:35] 
INFO [2021-03-15 16:44:35] $filename
INFO [2021-03-15 16:44:35] [1] "datadaft_venn.png"
INFO [2021-03-15 16:44:35] 
INFO [2021-03-15 16:44:35] $output
INFO [2021-03-15 16:44:35] [1] TRUE
INFO [2021-03-15 16:44:35] 
INFO [2021-03-15 16:44:35] $imagetype
INFO [2021-03-15 16:44:35] [1] "png"
INFO [2021-03-15 16:44:35] 
INFO [2021-03-15 16:44:35] $scaled
INFO [2021-03-15 16:44:35] [1] FALSE
INFO [2021-03-15 16:44:35] 
INFO [2021-03-15 16:44:35] $col
INFO [2021-03-15 16:44:35] [1] "black"
INFO [2021-03-15 16:44:35] 
INFO [2021-03-15 16:44:35] $fill
INFO [2021-03-15 16:44:35] colors
INFO [2021-03-15 16:44:35] 
INFO [2021-03-15 16:44:35] $cat.col
INFO [2021-03-15 16:44:35] colors
INFO [2021-03-15 16:44:35] 
INFO [2021-03-15 16:44:35] $cat.cex
INFO [2021-03-15 16:44:35] [1] 2
INFO [2021-03-15 16:44:35] 
INFO [2021-03-15 16:44:35] $margin
INFO [2021-03-15 16:44:35] [1] 0.1
INFO [2021-03-15 16:44:35] 
