INFO [2021-03-15 11:15:15] $x
INFO [2021-03-15 11:15:15] list(set1, set2, set3, set4, set5)
INFO [2021-03-15 11:15:15] 
INFO [2021-03-15 11:15:15] $category.names
INFO [2021-03-15 11:15:15] c("s1", "s2", "s3", "s4", "s5")
INFO [2021-03-15 11:15:15] 
INFO [2021-03-15 11:15:15] $filename
INFO [2021-03-15 11:15:15] [1] "datadaft_venn.png"
INFO [2021-03-15 11:15:15] 
INFO [2021-03-15 11:15:15] $output
INFO [2021-03-15 11:15:15] [1] TRUE
INFO [2021-03-15 11:15:15] 
INFO [2021-03-15 11:15:15] $imagetype
INFO [2021-03-15 11:15:15] [1] "png"
INFO [2021-03-15 11:15:15] 
INFO [2021-03-15 11:15:15] $scaled
INFO [2021-03-15 11:15:15] [1] FALSE
INFO [2021-03-15 11:15:15] 
INFO [2021-03-15 11:15:15] $col
INFO [2021-03-15 11:15:15] [1] "black"
INFO [2021-03-15 11:15:15] 
INFO [2021-03-15 11:15:15] $fill
INFO [2021-03-15 11:15:15] colors
INFO [2021-03-15 11:15:15] 
INFO [2021-03-15 11:15:15] $cat.col
INFO [2021-03-15 11:15:15] colors
INFO [2021-03-15 11:15:15] 
INFO [2021-03-15 11:15:15] $cat.cex
INFO [2021-03-15 11:15:15] [1] 2
INFO [2021-03-15 11:15:15] 
INFO [2021-03-15 11:15:15] $margin
INFO [2021-03-15 11:15:15] [1] 0.15
INFO [2021-03-15 11:15:15] 
