INFO [2021-03-15 11:20:37] $x
INFO [2021-03-15 11:20:37] list(set1, set2, set3)
INFO [2021-03-15 11:20:37] 
INFO [2021-03-15 11:20:37] $category.names
INFO [2021-03-15 11:20:37] c("s1", "s2", "s3")
INFO [2021-03-15 11:20:37] 
INFO [2021-03-15 11:20:37] $filename
INFO [2021-03-15 11:20:37] [1] "datadaft_venn.png"
INFO [2021-03-15 11:20:37] 
INFO [2021-03-15 11:20:37] $output
INFO [2021-03-15 11:20:37] [1] TRUE
INFO [2021-03-15 11:20:37] 
INFO [2021-03-15 11:20:37] $imagetype
INFO [2021-03-15 11:20:37] [1] "png"
INFO [2021-03-15 11:20:37] 
INFO [2021-03-15 11:20:37] $scaled
INFO [2021-03-15 11:20:37] [1] FALSE
INFO [2021-03-15 11:20:37] 
INFO [2021-03-15 11:20:37] $col
INFO [2021-03-15 11:20:37] [1] "black"
INFO [2021-03-15 11:20:37] 
INFO [2021-03-15 11:20:37] $fill
INFO [2021-03-15 11:20:37] colors
INFO [2021-03-15 11:20:37] 
INFO [2021-03-15 11:20:37] $cat.col
INFO [2021-03-15 11:20:37] colors
INFO [2021-03-15 11:20:37] 
INFO [2021-03-15 11:20:37] $cat.cex
INFO [2021-03-15 11:20:37] [1] 2
INFO [2021-03-15 11:20:37] 
INFO [2021-03-15 11:20:37] $margin
INFO [2021-03-15 11:20:37] [1] 0.15
INFO [2021-03-15 11:20:37] 
