INFO [2021-03-15 11:13:58] $x
INFO [2021-03-15 11:13:58] list(set1, set2, set3, set4, set5)
INFO [2021-03-15 11:13:58] 
INFO [2021-03-15 11:13:58] $category.names
INFO [2021-03-15 11:13:58] c("s1", "s2", "s3", "s4", "s5")
INFO [2021-03-15 11:13:58] 
INFO [2021-03-15 11:13:58] $filename
INFO [2021-03-15 11:13:58] [1] "datadaft_venn.png"
INFO [2021-03-15 11:13:58] 
INFO [2021-03-15 11:13:58] $output
INFO [2021-03-15 11:13:58] [1] TRUE
INFO [2021-03-15 11:13:58] 
INFO [2021-03-15 11:13:58] $imagetype
INFO [2021-03-15 11:13:58] [1] "png"
INFO [2021-03-15 11:13:58] 
INFO [2021-03-15 11:13:58] $scaled
INFO [2021-03-15 11:13:58] [1] FALSE
INFO [2021-03-15 11:13:58] 
INFO [2021-03-15 11:13:58] $col
INFO [2021-03-15 11:13:58] [1] "black"
INFO [2021-03-15 11:13:58] 
INFO [2021-03-15 11:13:58] $fill
INFO [2021-03-15 11:13:58] colors
INFO [2021-03-15 11:13:58] 
INFO [2021-03-15 11:13:58] $cat.col
INFO [2021-03-15 11:13:58] colors
INFO [2021-03-15 11:13:58] 
INFO [2021-03-15 11:13:58] $cat.cex
INFO [2021-03-15 11:13:58] [1] 2
INFO [2021-03-15 11:13:58] 
INFO [2021-03-15 11:13:58] $margin
INFO [2021-03-15 11:13:58] [1] 0.15
INFO [2021-03-15 11:13:58] 
