INFO [2021-03-15 11:19:04] $x
INFO [2021-03-15 11:19:04] list(set1, set2, set3)
INFO [2021-03-15 11:19:04] 
INFO [2021-03-15 11:19:04] $category.names
INFO [2021-03-15 11:19:04] c("s1", "s2", "s3")
INFO [2021-03-15 11:19:04] 
INFO [2021-03-15 11:19:04] $filename
INFO [2021-03-15 11:19:04] [1] "datadaft_venn.png"
INFO [2021-03-15 11:19:04] 
INFO [2021-03-15 11:19:04] $output
INFO [2021-03-15 11:19:04] [1] TRUE
INFO [2021-03-15 11:19:04] 
INFO [2021-03-15 11:19:04] $imagetype
INFO [2021-03-15 11:19:04] [1] "png"
INFO [2021-03-15 11:19:04] 
INFO [2021-03-15 11:19:04] $scaled
INFO [2021-03-15 11:19:04] [1] FALSE
INFO [2021-03-15 11:19:04] 
INFO [2021-03-15 11:19:04] $col
INFO [2021-03-15 11:19:04] [1] "black"
INFO [2021-03-15 11:19:04] 
INFO [2021-03-15 11:19:04] $fill
INFO [2021-03-15 11:19:04] colors
INFO [2021-03-15 11:19:04] 
INFO [2021-03-15 11:19:04] $cat.col
INFO [2021-03-15 11:19:04] colors
INFO [2021-03-15 11:19:04] 
INFO [2021-03-15 11:19:04] $cat.cex
INFO [2021-03-15 11:19:04] [1] 2
INFO [2021-03-15 11:19:04] 
INFO [2021-03-15 11:19:04] $margin
INFO [2021-03-15 11:19:04] [1] 0.15
INFO [2021-03-15 11:19:04] 
