INFO [2021-03-15 11:45:10] $x
INFO [2021-03-15 11:45:10] list(set1, set2, set3)
INFO [2021-03-15 11:45:10] 
INFO [2021-03-15 11:45:10] $category.names
INFO [2021-03-15 11:45:10] c("s1", "s2", "s3")
INFO [2021-03-15 11:45:10] 
INFO [2021-03-15 11:45:10] $filename
INFO [2021-03-15 11:45:10] [1] "datadaft_venn.png"
INFO [2021-03-15 11:45:10] 
INFO [2021-03-15 11:45:10] $output
INFO [2021-03-15 11:45:10] [1] TRUE
INFO [2021-03-15 11:45:10] 
INFO [2021-03-15 11:45:10] $imagetype
INFO [2021-03-15 11:45:10] [1] "png"
INFO [2021-03-15 11:45:10] 
INFO [2021-03-15 11:45:10] $scaled
INFO [2021-03-15 11:45:10] [1] FALSE
INFO [2021-03-15 11:45:10] 
INFO [2021-03-15 11:45:10] $col
INFO [2021-03-15 11:45:10] [1] "black"
INFO [2021-03-15 11:45:10] 
INFO [2021-03-15 11:45:10] $fill
INFO [2021-03-15 11:45:10] colors
INFO [2021-03-15 11:45:10] 
INFO [2021-03-15 11:45:10] $cat.col
INFO [2021-03-15 11:45:10] colors
INFO [2021-03-15 11:45:10] 
INFO [2021-03-15 11:45:10] $cat.cex
INFO [2021-03-15 11:45:10] [1] 2
INFO [2021-03-15 11:45:10] 
INFO [2021-03-15 11:45:10] $margin
INFO [2021-03-15 11:45:10] [1] 0.15
INFO [2021-03-15 11:45:10] 
